TN:
SF:src\controllers\index.js
FN:9,convertController
FN:43,tvaController
FN:76,remiseController
FN:108,healthController
FN:124,notFoundController
FN:141,errorHandler
FNF:6
FNH:6
FNDA:9,convertController
FNDA:8,tvaController
FNDA:9,remiseController
FNDA:2,healthController
FNDA:2,notFoundController
FNDA:2,errorHandler
DA:1,2
DA:2,2
DA:3,2
DA:10,9
DA:11,9
DA:13,9
DA:14,1
DA:21,8
DA:23,5
DA:30,5
DA:33,3
DA:44,8
DA:45,8
DA:47,8
DA:48,1
DA:55,7
DA:57,3
DA:63,3
DA:66,4
DA:77,9
DA:78,9
DA:80,9
DA:81,1
DA:88,8
DA:90,4
DA:96,4
DA:99,4
DA:109,2
DA:125,2
DA:142,2
DA:144,2
DA:150,2
LF:32
LH:32
BRDA:13,0,0,1
BRDA:13,0,1,8
BRDA:13,1,0,9
BRDA:13,1,1,9
BRDA:13,1,2,9
BRDA:47,2,0,1
BRDA:47,2,1,7
BRDA:47,3,0,8
BRDA:47,3,1,8
BRDA:80,4,0,1
BRDA:80,4,1,8
BRDA:80,5,0,9
BRDA:80,5,1,9
BRDA:146,6,0,1
BRDA:146,6,1,1
BRF:15
BRH:15
end_of_record
TN:
SF:src\services\conversionService.js
FN:17,validateConversionParams
FN:48,getExchangeRate
FN:73,convertCurrency
FN:95,getAllExchangeRates
FNF:4
FNH:4
FNDA:18,validateConversionParams
FNDA:12,getExchangeRate
FNDA:11,convertCurrency
FNDA:1,getAllExchangeRates
DA:1,4
DA:18,18
DA:20,18
DA:22,18
DA:23,2
DA:26,18
DA:27,3
DA:30,18
DA:31,18
DA:32,6
DA:35,18
DA:49,12
DA:50,12
DA:52,12
DA:53,1
DA:56,11
DA:57,11
DA:59,11
DA:60,2
DA:63,9
DA:74,11
DA:75,11
DA:76,4
DA:79,7
DA:80,7
DA:82,7
DA:96,1
DA:99,4
LF:28
LH:28
BRDA:22,0,0,2
BRDA:22,0,1,16
BRDA:22,1,0,18
BRDA:22,1,1,17
BRDA:26,2,0,3
BRDA:26,2,1,15
BRDA:26,3,0,18
BRDA:26,3,1,17
BRDA:31,4,0,6
BRDA:31,4,1,12
BRDA:31,5,0,18
BRDA:31,5,1,16
BRDA:52,6,0,1
BRDA:52,6,1,11
BRDA:59,7,0,2
BRDA:59,7,1,9
BRDA:75,8,0,4
BRDA:75,8,1,7
BRF:18
BRH:18
end_of_record
TN:
SF:src\services\remiseService.js
FN:7,validateRemiseParams
FN:34,applyRemise
FN:57,calculateRemiseAmount
FN:73,applyRemiseFixe
FN:111,calculatePrixOriginal
FNF:5
FNH:5
FNDA:19,validateRemiseParams
FNDA:12,applyRemise
FNDA:2,calculateRemiseAmount
FNDA:7,applyRemiseFixe
FNDA:6,calculatePrixOriginal
DA:8,19
DA:10,19
DA:11,19
DA:12,6
DA:15,19
DA:16,19
DA:17,5
DA:20,19
DA:35,12
DA:36,12
DA:37,5
DA:40,7
DA:41,7
DA:43,7
DA:58,2
DA:59,2
DA:60,1
DA:63,1
DA:64,1
DA:74,7
DA:76,7
DA:77,7
DA:78,2
DA:81,7
DA:82,7
DA:83,1
DA:86,7
DA:87,2
DA:90,7
DA:91,4
DA:94,3
DA:95,3
DA:97,3
DA:112,6
DA:114,6
DA:115,6
DA:116,2
DA:119,6
DA:120,6
DA:121,2
DA:124,6
DA:125,4
DA:128,2
DA:129,2
DA:131,2
DA:139,3
LF:46
LH:46
BRDA:11,0,0,6
BRDA:11,0,1,13
BRDA:11,1,0,19
BRDA:11,1,1,17
BRDA:16,2,0,5
BRDA:16,2,1,14
BRDA:16,3,0,19
BRDA:16,3,1,18
BRDA:16,3,2,16
BRDA:36,4,0,5
BRDA:36,4,1,7
BRDA:59,5,0,1
BRDA:59,5,1,1
BRDA:77,6,0,2
BRDA:77,6,1,5
BRDA:77,7,0,7
BRDA:77,7,1,6
BRDA:82,8,0,1
BRDA:82,8,1,6
BRDA:82,9,0,7
BRDA:82,9,1,7
BRDA:86,10,0,2
BRDA:86,10,1,5
BRDA:90,11,0,4
BRDA:90,11,1,3
BRDA:95,12,0,2
BRDA:95,12,1,1
BRDA:115,13,0,2
BRDA:115,13,1,4
BRDA:115,14,0,6
BRDA:115,14,1,5
BRDA:120,15,0,2
BRDA:120,15,1,4
BRDA:120,16,0,6
BRDA:120,16,1,6
BRDA:120,16,2,5
BRDA:124,17,0,4
BRDA:124,17,1,2
BRF:38
BRH:38
end_of_record
TN:
SF:src\services\tvaService.js
FN:7,validateTvaParams
FN:34,calculateTTC
FN:57,calculateHT
FN:91,calculateTvaAmount
FN:105,getStandardTvaRates
FNF:5
FNH:5
FNDA:17,validateTvaParams
FNDA:10,calculateTTC
FNDA:6,calculateHT
FNDA:2,calculateTvaAmount
FNDA:1,getStandardTvaRates
DA:8,17
DA:10,17
DA:11,17
DA:12,6
DA:15,17
DA:16,17
DA:17,5
DA:20,17
DA:35,10
DA:36,10
DA:37,5
DA:40,5
DA:41,5
DA:43,5
DA:58,6
DA:60,6
DA:61,6
DA:62,2
DA:65,6
DA:66,6
DA:67,2
DA:70,6
DA:71,4
DA:74,2
DA:75,2
DA:77,2
DA:92,2
DA:93,2
DA:94,1
DA:97,1
DA:98,1
DA:106,1
DA:114,3
LF:33
LH:33
BRDA:11,0,0,6
BRDA:11,0,1,11
BRDA:11,1,0,17
BRDA:11,1,1,15
BRDA:16,2,0,5
BRDA:16,2,1,12
BRDA:16,3,0,17
BRDA:16,3,1,16
BRDA:16,3,2,14
BRDA:36,4,0,5
BRDA:36,4,1,5
BRDA:61,5,0,2
BRDA:61,5,1,4
BRDA:61,6,0,6
BRDA:61,6,1,5
BRDA:66,7,0,2
BRDA:66,7,1,4
BRDA:66,8,0,6
BRDA:66,8,1,6
BRDA:66,8,2,5
BRDA:70,9,0,4
BRDA:70,9,1,2
BRDA:93,10,0,1
BRDA:93,10,1,1
BRF:24
BRH:24
end_of_record
