TN:
SF:src\controllers\index.js
FN:9,convertController
FN:46,tvaController
FN:82,remiseController
FN:117,healthController
FN:133,notFoundController
FN:150,errorHandler
FNF:6
FNH:6
FNDA:9,convertController
FNDA:8,tvaController
FNDA:9,remiseController
FNDA:2,healthController
FNDA:2,notFoundController
FNDA:2,errorHandler
DA:1,2
DA:2,2
DA:3,2
DA:10,9
DA:11,9
DA:14,9
DA:15,1
DA:23,8
DA:26,5
DA:33,5
DA:36,3
DA:47,8
DA:48,8
DA:51,8
DA:52,1
DA:60,7
DA:63,3
DA:69,3
DA:72,4
DA:83,9
DA:84,9
DA:87,9
DA:88,1
DA:96,8
DA:99,4
DA:105,4
DA:108,4
DA:118,2
DA:134,2
DA:151,2
DA:153,2
DA:159,2
LF:32
LH:32
BRDA:14,0,0,1
BRDA:14,0,1,8
BRDA:14,1,0,9
BRDA:14,1,1,9
BRDA:14,1,2,9
BRDA:51,2,0,1
BRDA:51,2,1,7
BRDA:51,3,0,8
BRDA:51,3,1,8
BRDA:87,4,0,1
BRDA:87,4,1,8
BRDA:87,5,0,9
BRDA:87,5,1,9
BRDA:155,6,0,1
BRDA:155,6,1,1
BRF:15
BRH:15
end_of_record
TN:
SF:src\services\conversionService.js
FN:17,validateConversionParams
FN:50,getExchangeRate
FN:76,convertCurrency
FN:100,getAllExchangeRates
FNF:4
FNH:4
FNDA:18,validateConversionParams
FNDA:12,getExchangeRate
FNDA:11,convertCurrency
FNDA:1,getAllExchangeRates
DA:1,4
DA:18,18
DA:21,18
DA:23,18
DA:24,2
DA:27,18
DA:28,3
DA:32,18
DA:33,18
DA:34,6
DA:37,18
DA:51,12
DA:52,12
DA:55,12
DA:56,1
DA:59,11
DA:60,11
DA:62,11
DA:63,2
DA:66,9
DA:78,11
DA:79,11
DA:80,4
DA:84,7
DA:85,7
DA:87,7
DA:101,1
DA:104,4
LF:28
LH:28
BRDA:23,0,0,2
BRDA:23,0,1,16
BRDA:23,1,0,18
BRDA:23,1,1,17
BRDA:27,2,0,3
BRDA:27,2,1,15
BRDA:27,3,0,18
BRDA:27,3,1,17
BRDA:33,4,0,6
BRDA:33,4,1,12
BRDA:33,5,0,18
BRDA:33,5,1,16
BRDA:55,6,0,1
BRDA:55,6,1,11
BRDA:62,7,0,2
BRDA:62,7,1,9
BRDA:79,8,0,4
BRDA:79,8,1,7
BRF:18
BRH:18
end_of_record
TN:
SF:src\services\remiseService.js
FN:7,validateRemiseParams
FN:36,applyRemise
FN:61,calculateRemiseAmount
FN:77,applyRemiseFixe
FN:118,calculatePrixOriginal
FNF:5
FNH:5
FNDA:19,validateRemiseParams
FNDA:12,applyRemise
FNDA:2,calculateRemiseAmount
FNDA:7,applyRemiseFixe
FNDA:6,calculatePrixOriginal
DA:8,19
DA:11,19
DA:12,19
DA:13,6
DA:17,19
DA:18,19
DA:19,5
DA:22,19
DA:38,12
DA:39,12
DA:40,5
DA:44,7
DA:45,7
DA:47,7
DA:62,2
DA:63,2
DA:64,1
DA:67,1
DA:68,1
DA:78,7
DA:81,7
DA:82,7
DA:83,2
DA:87,7
DA:88,7
DA:89,1
DA:92,7
DA:93,2
DA:96,7
DA:97,4
DA:101,3
DA:102,3
DA:104,3
DA:119,6
DA:122,6
DA:123,6
DA:124,2
DA:128,6
DA:129,6
DA:130,2
DA:133,6
DA:134,4
DA:138,2
DA:139,2
DA:141,2
DA:149,3
LF:46
LH:46
BRDA:12,0,0,6
BRDA:12,0,1,13
BRDA:12,1,0,19
BRDA:12,1,1,17
BRDA:18,2,0,5
BRDA:18,2,1,14
BRDA:18,3,0,19
BRDA:18,3,1,18
BRDA:18,3,2,16
BRDA:39,4,0,5
BRDA:39,4,1,7
BRDA:63,5,0,1
BRDA:63,5,1,1
BRDA:82,6,0,2
BRDA:82,6,1,5
BRDA:82,7,0,7
BRDA:82,7,1,6
BRDA:88,8,0,1
BRDA:88,8,1,6
BRDA:88,9,0,7
BRDA:88,9,1,7
BRDA:92,10,0,2
BRDA:92,10,1,5
BRDA:96,11,0,4
BRDA:96,11,1,3
BRDA:102,12,0,2
BRDA:102,12,1,1
BRDA:123,13,0,2
BRDA:123,13,1,4
BRDA:123,14,0,6
BRDA:123,14,1,5
BRDA:129,15,0,2
BRDA:129,15,1,4
BRDA:129,16,0,6
BRDA:129,16,1,6
BRDA:129,16,2,5
BRDA:133,17,0,4
BRDA:133,17,1,2
BRF:38
BRH:38
end_of_record
TN:
SF:src\services\tvaService.js
FN:7,validateTvaParams
FN:36,calculateTTC
FN:61,calculateHT
FN:98,calculateTvaAmount
FN:112,getStandardTvaRates
FNF:5
FNH:5
FNDA:17,validateTvaParams
FNDA:10,calculateTTC
FNDA:6,calculateHT
FNDA:2,calculateTvaAmount
FNDA:1,getStandardTvaRates
DA:8,17
DA:11,17
DA:12,17
DA:13,6
DA:17,17
DA:18,17
DA:19,5
DA:22,17
DA:38,10
DA:39,10
DA:40,5
DA:44,5
DA:45,5
DA:47,5
DA:62,6
DA:65,6
DA:66,6
DA:67,2
DA:71,6
DA:72,6
DA:73,2
DA:76,6
DA:77,4
DA:81,2
DA:82,2
DA:84,2
DA:99,2
DA:100,2
DA:101,1
DA:104,1
DA:105,1
DA:113,1
DA:121,3
LF:33
LH:33
BRDA:12,0,0,6
BRDA:12,0,1,11
BRDA:12,1,0,17
BRDA:12,1,1,15
BRDA:18,2,0,5
BRDA:18,2,1,12
BRDA:18,3,0,17
BRDA:18,3,1,16
BRDA:18,3,2,14
BRDA:39,4,0,5
BRDA:39,4,1,5
BRDA:66,5,0,2
BRDA:66,5,1,4
BRDA:66,6,0,6
BRDA:66,6,1,5
BRDA:72,7,0,2
BRDA:72,7,1,4
BRDA:72,8,0,6
BRDA:72,8,1,6
BRDA:72,8,2,5
BRDA:76,9,0,4
BRDA:76,9,1,2
BRDA:100,10,0,1
BRDA:100,10,1,1
BRF:24
BRH:24
end_of_record
